<?xml version="1.0" encoding="UTF-8"?>
<!-- Generated by org.testng.reporters.JUnitXMLReporter -->
<testsuite ignored="0" hostname="hp" failures="0" tests="1" name="Default test" time="0.056" errors="0" timestamp="2026-07-04T19:44:06 IST">
  <testcase classname="SeleniumJavaAssignment.BaseClass" name="@BeforeTest setUp" time="-1.783174445986E9">
    <failure type="org.testng.TestNGException" message="
Parameter &amp;apos;platformname&amp;apos; is required by BeforeTest on method setUp but has not been marked @Optional or defined
in C:\Users\vadde\AppData\Local\Temp\testng-eclipse--1264378815\testng-customsuite.xml">
      <![CDATA[org.testng.TestNGException: 
Parameter 'platformname' is required by BeforeTest on method setUp but has not been marked @Optional or defined
in C:\Users\vadde\AppData\Local\Temp\testng-eclipse--1264378815\testng-customsuite.xml
at org.testng.internal.Parameters.createParams(Parameters.java:267)
at org.testng.internal.Parameters.createParametersForMethod(Parameters.java:355)
at org.testng.internal.Parameters.createParameters(Parameters.java:684)
at org.testng.internal.Parameters.createConfigurationParameters(Parameters.java:166)
at org.testng.internal.invokers.ConfigInvoker.invokeConfigurations(ConfigInvoker.java:277)
at org.testng.TestRunner.invokeTestConfigurations(TestRunner.java:644)
at org.testng.TestRunner.beforeRun(TestRunner.java:633)
at org.testng.TestRunner.run(TestRunner.java:595)
at org.testng.SuiteRunner.runTest(SuiteRunner.java:437)
at org.testng.SuiteRunner.runSequentially(SuiteRunner.java:431)
at org.testng.SuiteRunner.privateRun(SuiteRunner.java:391)
at org.testng.SuiteRunner.run(SuiteRunner.java:330)
at org.testng.SuiteRunnerWorker.runSuite(SuiteRunnerWorker.java:52)
at org.testng.SuiteRunnerWorker.run(SuiteRunnerWorker.java:95)
at org.testng.TestNG.runSuitesSequentially(TestNG.java:1256)
at org.testng.TestNG.runSuitesLocally(TestNG.java:1176)
at org.testng.TestNG.runSuites(TestNG.java:1099)
at org.testng.TestNG.run(TestNG.java:1067)
at org.testng.remote.AbstractRemoteTestNG.run(AbstractRemoteTestNG.java:115)
at org.testng.remote.RemoteTestNG.initAndRun(RemoteTestNG.java:293)
at org.testng.remote.RemoteTestNG.main(RemoteTestNG.java:91)
]]>
    </failure>
  </testcase> <!-- @BeforeTest setUp -->
  <testcase classname="SeleniumJavaAssignment.BaseClass" name="@BeforeMethod setURI" time="0.0">
    <skipped/>
  </testcase> <!-- @BeforeMethod setURI -->
  <testcase classname="SeleniumJavaAssignment.BaseClass" name="@AfterMethod takeScreenshot" time="0.0">
    <skipped/>
  </testcase> <!-- @AfterMethod takeScreenshot -->
  <testcase classname="SeleniumJavaAssignment.BaseClass" name="@AfterTest tearDown" time="0.0">
    <skipped/>
  </testcase> <!-- @AfterTest tearDown -->
  <testcase classname="SeleniumJavaAssignment.TestScenarios" name="sliderDemo" time="0.0">
    <skipped/>
  </testcase> <!-- sliderDemo -->
</testsuite> <!-- Default test -->
