<?xml version="1.0" encoding="UTF-8"?>
<!-- Generated by org.testng.reporters.JUnitXMLReporter -->
<testsuite ignored="0" hostname="hp" failures="0" tests="3" name="TestingWithChrome" time="23.924" errors="0" timestamp="2026-07-04T20:26:31 IST">
  <testcase classname="SeleniumJavaAssignment.TestScenarios" name="simpleFormDemo" time="3.886"/>
  <testcase classname="SeleniumJavaAssignment.TestScenarios" name="sliderDemo" time="3.162"/>
  <testcase classname="SeleniumJavaAssignment.TestScenarios" name="fromDemo" time="5.825"/>
</testsuite> <!-- TestingWithChrome -->
