<?xml version="1.0" encoding="UTF-8"?>
<!-- Generated by org.testng.reporters.JUnitXMLReporter -->
<testsuite ignored="0" hostname="DESKTOP-6Q9GTRJ" failures="0" tests="3" name="TestingWithFirefox" time="60.647" errors="0" timestamp="2025-01-15T21:55:05 IST">
  <testcase classname="SeleniumJavaAssignment.TestScenarios" name="simpleFormDemo" time="9.044"/>
  <testcase classname="SeleniumJavaAssignment.TestScenarios" name="sliderDemo" time="8.411"/>
  <testcase classname="SeleniumJavaAssignment.TestScenarios" name="fromDemo" time="13.684"/>
</testsuite> <!-- TestingWithFirefox -->
