<?xml version="1.0" encoding="UTF-8"?>
<!-- Generated by org.testng.reporters.JUnitXMLReporter -->
<testsuite ignored="0" hostname="hp" failures="0" tests="3" name="TestingWithEdge" time="21.897" errors="0" timestamp="2026-07-04T20:26:29 IST">
  <testcase classname="SeleniumJavaAssignment.TestScenarios" name="simpleFormDemo" time="3.712"/>
  <testcase classname="SeleniumJavaAssignment.TestScenarios" name="sliderDemo" time="2.031"/>
  <testcase classname="SeleniumJavaAssignment.TestScenarios" name="fromDemo" time="5.709"/>
</testsuite> <!-- TestingWithEdge -->
