<?xml version="1.0" encoding="UTF-8"?>
<!-- Generated by org.testng.reporters.JUnitXMLReporter -->
<testsuite ignored="0" hostname="hp" failures="1" tests="3" name="TestingWithChrome" time="1.351" errors="0" timestamp="2026-07-04T11:02:36 IST">
  <testcase classname="SeleniumJavaAssignment.BaseClass" name="@AfterMethod onFailureTakeSS" time="0.004">
    <failure type="java.lang.NullPointerException" message="Cannot invoke &amp;quot;org.openqa.selenium.TakesScreenshot.getScreenshotAs(org.openqa.selenium.OutputType)&amp;quot; because &amp;quot;snap&amp;quot; is null">
      <![CDATA[java.lang.NullPointerException: Cannot invoke "org.openqa.selenium.TakesScreenshot.getScreenshotAs(org.openqa.selenium.OutputType)" because "snap" is null
at SeleniumJavaAssignment.BaseClass.onFailureTakeSS(BaseClass.java:88)
at java.base/java.util.ArrayList.forEach(ArrayList.java:1597)
at java.base/java.util.concurrent.FutureTask.run(FutureTask.java:317)
at java.base/java.util.concurrent.ThreadPoolExecutor.runWorker(ThreadPoolExecutor.java:1144)
at java.base/java.util.concurrent.ThreadPoolExecutor$Worker.run(ThreadPoolExecutor.java:642)
at java.base/java.lang.Thread.run(Thread.java:1575)
... Removed 20 stack frames]]>
    </failure>
  </testcase> <!-- @AfterMethod onFailureTakeSS -->
  <testcase classname="SeleniumJavaAssignment.BaseClass" name="@BeforeMethod setURI" time="0.0">
    <skipped/>
  </testcase> <!-- @BeforeMethod setURI -->
  <testcase classname="SeleniumJavaAssignment.BaseClass" name="@AfterMethod onFailureTakeSS" time="0.0">
    <skipped/>
  </testcase> <!-- @AfterMethod onFailureTakeSS -->
  <testcase classname="SeleniumJavaAssignment.BaseClass" name="@BeforeMethod setURI" time="0.0">
    <skipped/>
  </testcase> <!-- @BeforeMethod setURI -->
  <testcase classname="SeleniumJavaAssignment.BaseClass" name="@AfterMethod onFailureTakeSS" time="0.0">
    <skipped/>
  </testcase> <!-- @AfterMethod onFailureTakeSS -->
  <testcase classname="SeleniumJavaAssignment.TestScenarios" name="simpleFormDemo" time="0.009">
    <failure type="java.lang.NullPointerException" message="Cannot invoke &amp;quot;org.openqa.selenium.remote.RemoteWebDriver.findElement(org.openqa.selenium.By)&amp;quot; because &amp;quot;this.driver&amp;quot; is null">
      <![CDATA[java.lang.NullPointerException: Cannot invoke "org.openqa.selenium.remote.RemoteWebDriver.findElement(org.openqa.selenium.By)" because "this.driver" is null
at SeleniumJavaAssignment.TestScenarios.simpleFormDemo(TestScenarios.java:23)
at java.base/java.util.ArrayList.forEach(ArrayList.java:1597)
at java.base/java.util.concurrent.FutureTask.run(FutureTask.java:317)
at java.base/java.util.concurrent.ThreadPoolExecutor.runWorker(ThreadPoolExecutor.java:1144)
at java.base/java.util.concurrent.ThreadPoolExecutor$Worker.run(ThreadPoolExecutor.java:642)
at java.base/java.lang.Thread.run(Thread.java:1575)
... Removed 15 stack frames]]>
    </failure>
  </testcase> <!-- simpleFormDemo -->
  <testcase classname="SeleniumJavaAssignment.TestScenarios" name="sliderDemo" time="0.0">
    <skipped/>
  </testcase> <!-- sliderDemo -->
  <testcase classname="SeleniumJavaAssignment.TestScenarios" name="fromDemo" time="0.0">
    <skipped/>
  </testcase> <!-- fromDemo -->
</testsuite> <!-- TestingWithChrome -->
