<?xml version="1.0" encoding="UTF-8"?>
<!-- Generated by org.testng.reporters.JUnitXMLReporter -->
<testsuite ignored="0" hostname="hp" failures="1" tests="3" name="TestingWithFirefox" time="43.993" errors="0" timestamp="2026-07-04T20:26:51 IST">
  <testcase classname="SeleniumJavaAssignment.TestScenarios" name="simpleFormDemo" time="2.662"/>
  <testcase classname="SeleniumJavaAssignment.TestScenarios" name="sliderDemo" time="2.513">
    <failure type="java.lang.AssertionError" message="Slider value did not update correctly. expected [95] but found [94]">
      <![CDATA[java.lang.AssertionError: Slider value did not update correctly. expected [95] but found [94]
at SeleniumJavaAssignment.TestScenarios.sliderDemo(TestScenarios.java:63)
at java.base/java.util.ArrayList.forEach(ArrayList.java:1597)
at java.base/java.util.concurrent.FutureTask.run(FutureTask.java:317)
at java.base/java.util.concurrent.ThreadPoolExecutor.runWorker(ThreadPoolExecutor.java:1144)
at java.base/java.util.concurrent.ThreadPoolExecutor$Worker.run(ThreadPoolExecutor.java:642)
at java.base/java.lang.Thread.run(Thread.java:1575)
... Removed 20 stack frames]]>
    </failure>
  </testcase> <!-- sliderDemo -->
  <testcase classname="SeleniumJavaAssignment.TestScenarios" name="fromDemo" time="4.115"/>
</testsuite> <!-- TestingWithFirefox -->
