<?xml version="1.0" encoding="UTF-8"?>
<!-- Generated by org.testng.reporters.JUnitReportReporter -->
<testsuite hostname="hp" failures="1" tests="9" name="SeleniumJavaAssignment.TestScenarios" time="39.730" errors="0" timestamp="2026-07-04T20:26:51 IST" skipped="0">
  <testcase classname="SeleniumJavaAssignment.TestScenarios" name="simpleFormDemo" time="3.847"/>
  <system-out/>
  <testcase classname="SeleniumJavaAssignment.TestScenarios" name="simpleFormDemo" time="4.181"/>
  <system-out/>
  <testcase classname="SeleniumJavaAssignment.TestScenarios" name="simpleFormDemo" time="4.410"/>
  <system-out/>
  <testcase classname="SeleniumJavaAssignment.TestScenarios" name="sliderDemo" time="4.986"/>
  <system-out/>
  <testcase classname="SeleniumJavaAssignment.TestScenarios" name="sliderDemo" time="2.643">
    <failure message="Slider value did not update correctly. expected [95] but found [94]" type="java.lang.AssertionError">
      <![CDATA[java.lang.AssertionError: Slider value did not update correctly. expected [95] but found [94]
at org.testng.Assert.fail(Assert.java:110)
at org.testng.Assert.failNotEquals(Assert.java:1413)
at org.testng.Assert.assertEqualsImpl(Assert.java:149)
at org.testng.Assert.assertEquals(Assert.java:131)
at org.testng.Assert.assertEquals(Assert.java:655)
at SeleniumJavaAssignment.TestScenarios.sliderDemo(TestScenarios.java:63)
at java.base/jdk.internal.reflect.DirectMethodHandleAccessor.invoke(DirectMethodHandleAccessor.java:103)
at java.base/java.lang.reflect.Method.invoke(Method.java:580)
at org.testng.internal.invokers.MethodInvocationHelper.invokeMethod(MethodInvocationHelper.java:139)
at org.testng.internal.invokers.TestInvoker.invokeMethod(TestInvoker.java:677)
at org.testng.internal.invokers.TestInvoker.invokeTestMethod(TestInvoker.java:221)
at org.testng.internal.invokers.MethodRunner.runInSequence(MethodRunner.java:50)
at org.testng.internal.invokers.TestInvoker$MethodInvocationAgent.invoke(TestInvoker.java:969)
at org.testng.internal.invokers.TestInvoker.invokeTestMethods(TestInvoker.java:194)
at org.testng.internal.invokers.TestMethodWorker.invokeTestMethods(TestMethodWorker.java:148)
at org.testng.internal.invokers.TestMethodWorker.run(TestMethodWorker.java:128)
at java.base/java.util.ArrayList.forEach(ArrayList.java:1597)
at org.testng.TestRunner.privateRun(TestRunner.java:829)
at org.testng.TestRunner.run(TestRunner.java:602)
at org.testng.SuiteRunner.runTest(SuiteRunner.java:437)
at org.testng.SuiteRunner$SuiteWorker.run(SuiteRunner.java:475)
at org.testng.internal.thread.ThreadUtil.lambda$execute$0(ThreadUtil.java:58)
at java.base/java.util.concurrent.FutureTask.run(FutureTask.java:317)
at java.base/java.util.concurrent.ThreadPoolExecutor.runWorker(ThreadPoolExecutor.java:1144)
at java.base/java.util.concurrent.ThreadPoolExecutor$Worker.run(ThreadPoolExecutor.java:642)
at java.base/java.lang.Thread.run(Thread.java:1575)
]]>
    </failure>
  </testcase> <!-- sliderDemo -->
  <system-out/>
  <testcase classname="SeleniumJavaAssignment.TestScenarios" name="sliderDemo" time="3.547"/>
  <system-out/>
  <testcase classname="SeleniumJavaAssignment.TestScenarios" name="fromDemo" time="5.853"/>
  <system-out/>
  <testcase classname="SeleniumJavaAssignment.TestScenarios" name="fromDemo" time="5.998"/>
  <system-out/>
  <testcase classname="SeleniumJavaAssignment.TestScenarios" name="fromDemo" time="4.265"/>
  <system-out/>
</testsuite> <!-- SeleniumJavaAssignment.TestScenarios -->
